<?xml version="1.0" encoding="UTF-8"?>
<!-- Generated by org.testng.reporters.JUnitReportReporter -->
<testsuite skipped="0" hostname="sudheer-PC" name="com.OHRMS.testcasescripts.LoginPageTest" tests="1" failures="0" timestamp="2020-01-25T10:57:43 IST" time="6.217" errors="0">
  <testcase name="LoginTest" time="6.217" classname="com.OHRMS.testcasescripts.LoginPageTest"/>
</testsuite> <!-- com.OHRMS.testcasescripts.LoginPageTest -->
